============================================================================================== 
Warning! Mixing Conda and module environments may lead to corruption of the
user environment. 
We do not recommend users mixing those two environments unless absolutely
necessary. Note that 
SURF does not provide any support for Conda environment.
For more information, please refer to our software policy page:
https://servicedesk.surf.nl/wiki/display/WIKI/Software+policy+Snellius#SoftwarepolicySnellius-UseofAnacondaandMinicondaenvironmentsonSnellius 

Remember that many packages have already been installed on the system and can
be loaded using 
the 'module load <package__name>' command. If you are uncertain if a package is
already available 
on the system, please use 'module avail' or 'module spider' to search for it.
============================================================================================== 
Python 3.8.2
Collecting chess==1.6.1 (from -r requirements.txt (line 1))
  Using cached chess-1.6.1-py3-none-any.whl.metadata (18 kB)
Collecting comet-ml==3.13.2 (from -r requirements.txt (line 2))
  Using cached comet_ml-3.13.2-py2.py3-none-any.whl.metadata (3.1 kB)
Collecting easy-to-hard-data==1.0.0 (from -r requirements.txt (line 3))
  Using cached easy_to_hard_data-1.0.0.tar.gz (7.7 kB)
  Preparing metadata (setup.py): started
  Preparing metadata (setup.py): finished with status 'done'
Collecting einops~=0.3.2 (from -r requirements.txt (line 4))
  Using cached einops-0.3.2-py3-none-any.whl.metadata (10 kB)
Collecting hydra-core==1.1.1 (from -r requirements.txt (line 5))
  Using cached hydra_core-1.1.1-py3-none-any.whl.metadata (4.1 kB)
Collecting icecream~=2.1.1 (from -r requirements.txt (line 6))
  Using cached icecream-2.1.5-py3-none-any.whl.metadata (1.5 kB)
Collecting matplotlib~=3.5.0 (from -r requirements.txt (line 7))
  Using cached matplotlib-3.5.3-cp38-cp38-manylinux_2_5_x86_64.manylinux1_x86_64.whl.metadata (6.7 kB)
Collecting numpy~=1.21.4 (from -r requirements.txt (line 8))
  Using cached numpy-1.21.6-cp38-cp38-manylinux_2_12_x86_64.manylinux2010_x86_64.whl.metadata (2.1 kB)
Collecting omegaconf~=2.1.1 (from -r requirements.txt (line 9))
  Using cached omegaconf-2.1.2-py3-none-any.whl.metadata (3.6 kB)
Collecting pandas~=1.3.4 (from -r requirements.txt (line 10))
  Using cached pandas-1.3.5-cp38-cp38-manylinux_2_17_x86_64.manylinux2014_x86_64.whl.metadata (12 kB)
Collecting Pillow==8.2.0 (from -r requirements.txt (line 11))
  Using cached Pillow-8.2.0-cp38-cp38-manylinux1_x86_64.whl.metadata (7.1 kB)
Collecting scipy==1.7.0 (from -r requirements.txt (line 12))
  Using cached scipy-1.7.0-cp38-cp38-manylinux_2_5_x86_64.manylinux1_x86_64.whl.metadata (2.2 kB)
Collecting seaborn~=0.11.2 (from -r requirements.txt (line 13))
  Using cached seaborn-0.11.2-py3-none-any.whl.metadata (2.3 kB)
Collecting svglib==1.1.0 (from -r requirements.txt (line 14))
  Using cached svglib-1.1.0.tar.gz (2.0 MB)
  Preparing metadata (setup.py): started
  Preparing metadata (setup.py): finished with status 'done'
Collecting tensorboard==2.2.2 (from -r requirements.txt (line 15))
  Using cached tensorboard-2.2.2-py3-none-any.whl.metadata (2.0 kB)
Collecting tensorboard-plugin-wit==1.8.0 (from -r requirements.txt (line 16))
  Using cached tensorboard_plugin_wit-1.8.0-py3-none-any.whl.metadata (873 bytes)
Collecting torch~=1.7.1 (from -r requirements.txt (line 17))
  Downloading torch-1.7.1-cp38-cp38-manylinux1_x86_64.whl.metadata (22 kB)
Collecting torchvision==0.8.2 (from -r requirements.txt (line 18))
  Using cached torchvision-0.8.2-cp38-cp38-manylinux1_x86_64.whl.metadata (7.2 kB)
Collecting tqdm~=4.62.3 (from -r requirements.txt (line 19))
  Using cached tqdm-4.62.3-py2.py3-none-any.whl.metadata (56 kB)
Collecting websocket-client>=0.55.0 (from comet-ml==3.13.2->-r requirements.txt (line 2))
  Using cached websocket_client-1.8.0-py3-none-any.whl.metadata (8.0 kB)
Collecting requests>=2.18.4 (from comet-ml==3.13.2->-r requirements.txt (line 2))
  Using cached requests-2.32.4-py3-none-any.whl.metadata (4.9 kB)
Collecting requests-toolbelt>=0.8.0 (from comet-ml==3.13.2->-r requirements.txt (line 2))
  Using cached requests_toolbelt-1.0.0-py2.py3-none-any.whl.metadata (14 kB)
Collecting six (from comet-ml==3.13.2->-r requirements.txt (line 2))
  Using cached six-1.17.0-py2.py3-none-any.whl.metadata (1.7 kB)
Collecting wurlitzer>=1.0.2 (from comet-ml==3.13.2->-r requirements.txt (line 2))
  Using cached wurlitzer-3.1.1-py3-none-any.whl.metadata (2.5 kB)
Collecting nvidia-ml-py3>=7.352.0 (from comet-ml==3.13.2->-r requirements.txt (line 2))
  Using cached nvidia-ml-py3-7.352.0.tar.gz (19 kB)
  Preparing metadata (setup.py): started
  Preparing metadata (setup.py): finished with status 'done'
Collecting jsonschema!=3.1.0,>=2.6.0 (from comet-ml==3.13.2->-r requirements.txt (line 2))
  Using cached jsonschema-4.23.0-py3-none-any.whl.metadata (7.9 kB)
Collecting wrapt>=1.11.2 (from comet-ml==3.13.2->-r requirements.txt (line 2))
  Using cached wrapt-1.17.2-cp38-cp38-manylinux_2_5_x86_64.manylinux1_x86_64.manylinux_2_17_x86_64.manylinux2014_x86_64.whl.metadata (6.4 kB)
Collecting semantic-version>=2.8.0 (from comet-ml==3.13.2->-r requirements.txt (line 2))
  Using cached semantic_version-2.10.0-py2.py3-none-any.whl.metadata (9.7 kB)
Collecting everett>=1.0.1 (from everett[ini]>=1.0.1; python_version > "3.5"->comet-ml==3.13.2->-r requirements.txt (line 2))
  Using cached everett-3.3.0-py3-none-any.whl.metadata (19 kB)
Collecting dulwich>=0.20.6 (from comet-ml==3.13.2->-r requirements.txt (line 2))
  Using cached dulwich-0.22.4-cp38-cp38-manylinux_2_17_x86_64.manylinux2014_x86_64.whl.metadata (4.4 kB)
Collecting reportlab==3.5.68 (from easy-to-hard-data==1.0.0->-r requirements.txt (line 3))
  Using cached reportlab-3.5.68-cp38-cp38-manylinux_2_12_x86_64.manylinux2010_x86_64.whl.metadata (1.2 kB)
Collecting antlr4-python3-runtime==4.8 (from hydra-core==1.1.1->-r requirements.txt (line 5))
  Using cached antlr4-python3-runtime-4.8.tar.gz (112 kB)
  Preparing metadata (setup.py): started
  Preparing metadata (setup.py): finished with status 'done'
Collecting importlib-resources (from hydra-core==1.1.1->-r requirements.txt (line 5))
  Using cached importlib_resources-6.4.5-py3-none-any.whl.metadata (4.0 kB)
Collecting PyYAML>=5.1.0 (from omegaconf~=2.1.1->-r requirements.txt (line 9))
  Using cached PyYAML-6.0.2-cp38-cp38-manylinux_2_17_x86_64.manylinux2014_x86_64.whl.metadata (2.1 kB)
Collecting lxml (from svglib==1.1.0->-r requirements.txt (line 14))
  Using cached lxml-6.0.0-cp38-cp38-manylinux_2_27_x86_64.manylinux_2_28_x86_64.whl.metadata (6.3 kB)
Collecting tinycss2>=0.6.0 (from svglib==1.1.0->-r requirements.txt (line 14))
  Using cached tinycss2-1.4.0-py3-none-any.whl.metadata (3.0 kB)
Collecting cssselect2>=0.2.0 (from svglib==1.1.0->-r requirements.txt (line 14))
  Using cached cssselect2-0.7.0-py3-none-any.whl.metadata (2.9 kB)
Collecting absl-py>=0.4 (from tensorboard==2.2.2->-r requirements.txt (line 15))
  Using cached absl_py-2.3.1-py3-none-any.whl.metadata (3.3 kB)
Collecting grpcio>=1.24.3 (from tensorboard==2.2.2->-r requirements.txt (line 15))
  Using cached grpcio-1.70.0-cp38-cp38-manylinux_2_17_x86_64.manylinux2014_x86_64.whl.metadata (3.9 kB)
Collecting google-auth<2,>=1.6.3 (from tensorboard==2.2.2->-r requirements.txt (line 15))
  Using cached google_auth-1.35.0-py2.py3-none-any.whl.metadata (3.5 kB)
Collecting google-auth-oauthlib<0.5,>=0.4.1 (from tensorboard==2.2.2->-r requirements.txt (line 15))
  Using cached google_auth_oauthlib-0.4.6-py2.py3-none-any.whl.metadata (2.7 kB)
Collecting markdown>=2.6.8 (from tensorboard==2.2.2->-r requirements.txt (line 15))
  Using cached Markdown-3.7-py3-none-any.whl.metadata (7.0 kB)
Collecting protobuf>=3.6.0 (from tensorboard==2.2.2->-r requirements.txt (line 15))
  Using cached protobuf-5.29.5-cp38-abi3-manylinux2014_x86_64.whl.metadata (592 bytes)
Requirement already satisfied: setuptools>=41.0.0 in /gpfs/home5/mmazuryk1/.conda/envs/agi/lib/python3.8/site-packages (from tensorboard==2.2.2->-r requirements.txt (line 15)) (75.1.0)
Collecting werkzeug>=0.11.15 (from tensorboard==2.2.2->-r requirements.txt (line 15))
  Using cached werkzeug-3.0.6-py3-none-any.whl.metadata (3.7 kB)
Requirement already satisfied: wheel>=0.26 in /gpfs/home5/mmazuryk1/.conda/envs/agi/lib/python3.8/site-packages (from tensorboard==2.2.2->-r requirements.txt (line 15)) (0.44.0)
Collecting typing-extensions (from torch~=1.7.1->-r requirements.txt (line 17))
  Downloading typing_extensions-4.13.2-py3-none-any.whl.metadata (3.0 kB)
Collecting colorama>=0.3.9 (from icecream~=2.1.1->-r requirements.txt (line 6))
  Downloading colorama-0.4.6-py2.py3-none-any.whl.metadata (17 kB)
Collecting pygments>=2.2.0 (from icecream~=2.1.1->-r requirements.txt (line 6))
  Downloading pygments-2.19.2-py3-none-any.whl.metadata (2.5 kB)
Collecting executing>=2.1.0 (from icecream~=2.1.1->-r requirements.txt (line 6))
  Downloading executing-2.2.0-py2.py3-none-any.whl.metadata (8.9 kB)
Collecting asttokens>=2.0.1 (from icecream~=2.1.1->-r requirements.txt (line 6))
  Downloading asttokens-3.0.0-py3-none-any.whl.metadata (4.7 kB)
Collecting cycler>=0.10 (from matplotlib~=3.5.0->-r requirements.txt (line 7))
  Downloading cycler-0.12.1-py3-none-any.whl.metadata (3.8 kB)
Collecting fonttools>=4.22.0 (from matplotlib~=3.5.0->-r requirements.txt (line 7))
  Downloading fonttools-4.57.0-cp38-cp38-manylinux_2_17_x86_64.manylinux2014_x86_64.whl.metadata (102 kB)
Collecting kiwisolver>=1.0.1 (from matplotlib~=3.5.0->-r requirements.txt (line 7))
  Downloading kiwisolver-1.4.7-cp38-cp38-manylinux_2_5_x86_64.manylinux1_x86_64.whl.metadata (6.3 kB)
Collecting packaging>=20.0 (from matplotlib~=3.5.0->-r requirements.txt (line 7))
  Downloading packaging-25.0-py3-none-any.whl.metadata (3.3 kB)
Collecting pyparsing>=2.2.1 (from matplotlib~=3.5.0->-r requirements.txt (line 7))
  Downloading pyparsing-3.1.4-py3-none-any.whl.metadata (5.1 kB)
Collecting python-dateutil>=2.7 (from matplotlib~=3.5.0->-r requirements.txt (line 7))
  Downloading python_dateutil-2.9.0.post0-py2.py3-none-any.whl.metadata (8.4 kB)
Collecting pytz>=2017.3 (from pandas~=1.3.4->-r requirements.txt (line 10))
  Downloading pytz-2025.2-py2.py3-none-any.whl.metadata (22 kB)
Collecting webencodings (from cssselect2>=0.2.0->svglib==1.1.0->-r requirements.txt (line 14))
  Downloading webencodings-0.5.1-py2.py3-none-any.whl.metadata (2.1 kB)
Collecting urllib3>=1.25 (from dulwich>=0.20.6->comet-ml==3.13.2->-r requirements.txt (line 2))
  Downloading urllib3-2.2.3-py3-none-any.whl.metadata (6.5 kB)
Collecting configobj (from everett[ini]>=1.0.1; python_version > "3.5"->comet-ml==3.13.2->-r requirements.txt (line 2))
  Downloading configobj-5.0.9-py2.py3-none-any.whl.metadata (3.2 kB)
Collecting cachetools<5.0,>=2.0.0 (from google-auth<2,>=1.6.3->tensorboard==2.2.2->-r requirements.txt (line 15))
  Downloading cachetools-4.2.4-py3-none-any.whl.metadata (4.8 kB)
Collecting pyasn1-modules>=0.2.1 (from google-auth<2,>=1.6.3->tensorboard==2.2.2->-r requirements.txt (line 15))
  Downloading pyasn1_modules-0.4.2-py3-none-any.whl.metadata (3.5 kB)
Collecting rsa<5,>=3.1.4 (from google-auth<2,>=1.6.3->tensorboard==2.2.2->-r requirements.txt (line 15))
  Downloading rsa-4.9.1-py3-none-any.whl.metadata (5.6 kB)
Collecting requests-oauthlib>=0.7.0 (from google-auth-oauthlib<0.5,>=0.4.1->tensorboard==2.2.2->-r requirements.txt (line 15))
  Downloading requests_oauthlib-2.0.0-py2.py3-none-any.whl.metadata (11 kB)
Collecting attrs>=22.2.0 (from jsonschema!=3.1.0,>=2.6.0->comet-ml==3.13.2->-r requirements.txt (line 2))
  Downloading attrs-25.3.0-py3-none-any.whl.metadata (10 kB)
Collecting jsonschema-specifications>=2023.03.6 (from jsonschema!=3.1.0,>=2.6.0->comet-ml==3.13.2->-r requirements.txt (line 2))
  Downloading jsonschema_specifications-2023.12.1-py3-none-any.whl.metadata (3.0 kB)
Collecting pkgutil-resolve-name>=1.3.10 (from jsonschema!=3.1.0,>=2.6.0->comet-ml==3.13.2->-r requirements.txt (line 2))
  Downloading pkgutil_resolve_name-1.3.10-py3-none-any.whl.metadata (624 bytes)
Collecting referencing>=0.28.4 (from jsonschema!=3.1.0,>=2.6.0->comet-ml==3.13.2->-r requirements.txt (line 2))
  Downloading referencing-0.35.1-py3-none-any.whl.metadata (2.8 kB)
Collecting rpds-py>=0.7.1 (from jsonschema!=3.1.0,>=2.6.0->comet-ml==3.13.2->-r requirements.txt (line 2))
  Downloading rpds_py-0.20.1-cp38-cp38-manylinux_2_17_x86_64.manylinux2014_x86_64.whl.metadata (4.2 kB)
Collecting zipp>=3.1.0 (from importlib-resources->hydra-core==1.1.1->-r requirements.txt (line 5))
  Downloading zipp-3.20.2-py3-none-any.whl.metadata (3.7 kB)
Collecting importlib-metadata>=4.4 (from markdown>=2.6.8->tensorboard==2.2.2->-r requirements.txt (line 15))
  Downloading importlib_metadata-8.5.0-py3-none-any.whl.metadata (4.8 kB)
Collecting charset_normalizer<4,>=2 (from requests>=2.18.4->comet-ml==3.13.2->-r requirements.txt (line 2))
  Downloading charset_normalizer-3.4.2-cp38-cp38-manylinux_2_17_x86_64.manylinux2014_x86_64.whl.metadata (35 kB)
Collecting idna<4,>=2.5 (from requests>=2.18.4->comet-ml==3.13.2->-r requirements.txt (line 2))
  Downloading idna-3.10-py3-none-any.whl.metadata (10 kB)
Collecting certifi>=2017.4.17 (from requests>=2.18.4->comet-ml==3.13.2->-r requirements.txt (line 2))
  Downloading certifi-2025.7.9-py3-none-any.whl.metadata (2.4 kB)
Collecting MarkupSafe>=2.1.1 (from werkzeug>=0.11.15->tensorboard==2.2.2->-r requirements.txt (line 15))
  Downloading MarkupSafe-2.1.5-cp38-cp38-manylinux_2_17_x86_64.manylinux2014_x86_64.whl.metadata (3.0 kB)
Collecting pyasn1<0.7.0,>=0.6.1 (from pyasn1-modules>=0.2.1->google-auth<2,>=1.6.3->tensorboard==2.2.2->-r requirements.txt (line 15))
  Downloading pyasn1-0.6.1-py3-none-any.whl.metadata (8.4 kB)
Collecting oauthlib>=3.0.0 (from requests-oauthlib>=0.7.0->google-auth-oauthlib<0.5,>=0.4.1->tensorboard==2.2.2->-r requirements.txt (line 15))
  Downloading oauthlib-3.3.1-py3-none-any.whl.metadata (7.9 kB)
Downloading chess-1.6.1-py3-none-any.whl (146 kB)
Downloading comet_ml-3.13.2-py2.py3-none-any.whl (278 kB)
Downloading hydra_core-1.1.1-py3-none-any.whl (145 kB)
Downloading omegaconf-2.1.2-py3-none-any.whl (74 kB)
Downloading Pillow-8.2.0-cp38-cp38-manylinux1_x86_64.whl (3.0 MB)
   ━━━━━━━━━━━━━━━━━━━━━━━━━━━━━━━━━━━━━━━━ 3.0/3.0 MB 113.6 MB/s eta 0:00:00
Downloading scipy-1.7.0-cp38-cp38-manylinux_2_5_x86_64.manylinux1_x86_64.whl (28.4 MB)
   ━━━━━━━━━━━━━━━━━━━━━━━━━━━━━━━━━━━━━━━━ 28.4/28.4 MB 16.8 MB/s eta 0:00:00
Downloading tensorboard-2.2.2-py3-none-any.whl (3.0 MB)
   ━━━━━━━━━━━━━━━━━━━━━━━━━━━━━━━━━━━━━━━━ 3.0/3.0 MB 122.5 MB/s eta 0:00:00
Downloading tensorboard_plugin_wit-1.8.0-py3-none-any.whl (781 kB)
   ━━━━━━━━━━━━━━━━━━━━━━━━━━━━━━━━━━━━━━━━ 781.2/781.2 kB 61.5 MB/s eta 0:00:00
Downloading torchvision-0.8.2-cp38-cp38-manylinux1_x86_64.whl (12.8 MB)
   ━━━━━━━━━━━━━━━━━━━━━━━━━━━━━━━━━━━━━━━━ 12.8/12.8 MB 11.0 MB/s eta 0:00:00
Downloading torch-1.7.1-cp38-cp38-manylinux1_x86_64.whl (776.8 MB)
   ━━━━━━━━━━━━━━━━━━━━━━━━━━━━━━━━━━━━━━━━ 776.8/776.8 MB 9.6 MB/s eta 0:00:00
Downloading reportlab-3.5.68-cp38-cp38-manylinux_2_12_x86_64.manylinux2010_x86_64.whl (2.6 MB)
   ━━━━━━━━━━━━━━━━━━━━━━━━━━━━━━━━━━━━━━━━ 2.6/2.6 MB 6.6 MB/s eta 0:00:00
Downloading einops-0.3.2-py3-none-any.whl (25 kB)
Downloading icecream-2.1.5-py3-none-any.whl (14 kB)
Downloading matplotlib-3.5.3-cp38-cp38-manylinux_2_5_x86_64.manylinux1_x86_64.whl (11.3 MB)
   ━━━━━━━━━━━━━━━━━━━━━━━━━━━━━━━━━━━━━━━━ 11.3/11.3 MB 141.0 MB/s eta 0:00:00
Downloading numpy-1.21.6-cp38-cp38-manylinux_2_12_x86_64.manylinux2010_x86_64.whl (15.7 MB)
   ━━━━━━━━━━━━━━━━━━━━━━━━━━━━━━━━━━━━━━━━ 15.7/15.7 MB 89.0 MB/s eta 0:00:00
Downloading pandas-1.3.5-cp38-cp38-manylinux_2_17_x86_64.manylinux2014_x86_64.whl (11.5 MB)
   ━━━━━━━━━━━━━━━━━━━━━━━━━━━━━━━━━━━━━━━━ 11.5/11.5 MB 101.0 MB/s eta 0:00:00
Downloading seaborn-0.11.2-py3-none-any.whl (292 kB)
Downloading tqdm-4.62.3-py2.py3-none-any.whl (76 kB)
Downloading absl_py-2.3.1-py3-none-any.whl (135 kB)
Downloading asttokens-3.0.0-py3-none-any.whl (26 kB)
Downloading colorama-0.4.6-py2.py3-none-any.whl (25 kB)
Downloading cssselect2-0.7.0-py3-none-any.whl (15 kB)
Downloading cycler-0.12.1-py3-none-any.whl (8.3 kB)
Downloading dulwich-0.22.4-cp38-cp38-manylinux_2_17_x86_64.manylinux2014_x86_64.whl (968 kB)
   ━━━━━━━━━━━━━━━━━━━━━━━━━━━━━━━━━━━━━━━━ 968.6/968.6 kB 82.1 MB/s eta 0:00:00
Downloading everett-3.3.0-py3-none-any.whl (37 kB)
Downloading executing-2.2.0-py2.py3-none-any.whl (26 kB)
Downloading fonttools-4.57.0-cp38-cp38-manylinux_2_17_x86_64.manylinux2014_x86_64.whl (4.7 MB)
   ━━━━━━━━━━━━━━━━━━━━━━━━━━━━━━━━━━━━━━━━ 4.7/4.7 MB 129.9 MB/s eta 0:00:00
Downloading google_auth-1.35.0-py2.py3-none-any.whl (152 kB)
Downloading google_auth_oauthlib-0.4.6-py2.py3-none-any.whl (18 kB)
Downloading grpcio-1.70.0-cp38-cp38-manylinux_2_17_x86_64.manylinux2014_x86_64.whl (6.0 MB)
   ━━━━━━━━━━━━━━━━━━━━━━━━━━━━━━━━━━━━━━━━ 6.0/6.0 MB 180.8 MB/s eta 0:00:00
Downloading jsonschema-4.23.0-py3-none-any.whl (88 kB)
Downloading importlib_resources-6.4.5-py3-none-any.whl (36 kB)
Downloading kiwisolver-1.4.7-cp38-cp38-manylinux_2_5_x86_64.manylinux1_x86_64.whl (1.2 MB)
   ━━━━━━━━━━━━━━━━━━━━━━━━━━━━━━━━━━━━━━━━ 1.2/1.2 MB 94.9 MB/s eta 0:00:00
Downloading Markdown-3.7-py3-none-any.whl (106 kB)
Downloading packaging-25.0-py3-none-any.whl (66 kB)
Downloading protobuf-5.29.5-cp38-abi3-manylinux2014_x86_64.whl (319 kB)
Downloading pygments-2.19.2-py3-none-any.whl (1.2 MB)
   ━━━━━━━━━━━━━━━━━━━━━━━━━━━━━━━━━━━━━━━━ 1.2/1.2 MB 102.6 MB/s eta 0:00:00
Downloading pyparsing-3.1.4-py3-none-any.whl (104 kB)
Downloading python_dateutil-2.9.0.post0-py2.py3-none-any.whl (229 kB)
Downloading pytz-2025.2-py2.py3-none-any.whl (509 kB)
Downloading PyYAML-6.0.2-cp38-cp38-manylinux_2_17_x86_64.manylinux2014_x86_64.whl (746 kB)
   ━━━━━━━━━━━━━━━━━━━━━━━━━━━━━━━━━━━━━━━━ 746.5/746.5 kB 49.5 MB/s eta 0:00:00
Downloading requests-2.32.4-py3-none-any.whl (64 kB)
Downloading requests_toolbelt-1.0.0-py2.py3-none-any.whl (54 kB)
Downloading semantic_version-2.10.0-py2.py3-none-any.whl (15 kB)
Downloading six-1.17.0-py2.py3-none-any.whl (11 kB)
Downloading tinycss2-1.4.0-py3-none-any.whl (26 kB)
Downloading websocket_client-1.8.0-py3-none-any.whl (58 kB)
Downloading werkzeug-3.0.6-py3-none-any.whl (227 kB)
Downloading wrapt-1.17.2-cp38-cp38-manylinux_2_5_x86_64.manylinux1_x86_64.manylinux_2_17_x86_64.manylinux2014_x86_64.whl (85 kB)
Downloading wurlitzer-3.1.1-py3-none-any.whl (8.6 kB)
Downloading lxml-6.0.0-cp38-cp38-manylinux_2_27_x86_64.manylinux_2_28_x86_64.whl (5.2 MB)
   ━━━━━━━━━━━━━━━━━━━━━━━━━━━━━━━━━━━━━━━━ 5.2/5.2 MB 217.9 MB/s eta 0:00:00
Downloading typing_extensions-4.13.2-py3-none-any.whl (45 kB)
Downloading attrs-25.3.0-py3-none-any.whl (63 kB)
Downloading cachetools-4.2.4-py3-none-any.whl (10 kB)
Downloading certifi-2025.7.9-py3-none-any.whl (159 kB)
Downloading charset_normalizer-3.4.2-cp38-cp38-manylinux_2_17_x86_64.manylinux2014_x86_64.whl (147 kB)
Downloading idna-3.10-py3-none-any.whl (70 kB)
Downloading importlib_metadata-8.5.0-py3-none-any.whl (26 kB)
Downloading jsonschema_specifications-2023.12.1-py3-none-any.whl (18 kB)
Downloading MarkupSafe-2.1.5-cp38-cp38-manylinux_2_17_x86_64.manylinux2014_x86_64.whl (26 kB)
Downloading pkgutil_resolve_name-1.3.10-py3-none-any.whl (4.7 kB)
Downloading pyasn1_modules-0.4.2-py3-none-any.whl (181 kB)
Downloading referencing-0.35.1-py3-none-any.whl (26 kB)
Downloading requests_oauthlib-2.0.0-py2.py3-none-any.whl (24 kB)
Downloading rpds_py-0.20.1-cp38-cp38-manylinux_2_17_x86_64.manylinux2014_x86_64.whl (360 kB)
Downloading rsa-4.9.1-py3-none-any.whl (34 kB)
Downloading urllib3-2.2.3-py3-none-any.whl (126 kB)
Downloading webencodings-0.5.1-py2.py3-none-any.whl (11 kB)
Downloading zipp-3.20.2-py3-none-any.whl (9.2 kB)
Downloading configobj-5.0.9-py2.py3-none-any.whl (35 kB)
Downloading oauthlib-3.3.1-py3-none-any.whl (160 kB)
Downloading pyasn1-0.6.1-py3-none-any.whl (83 kB)
Building wheels for collected packages: easy-to-hard-data, svglib, antlr4-python3-runtime, nvidia-ml-py3
  Building wheel for easy-to-hard-data (setup.py): started
  Building wheel for easy-to-hard-data (setup.py): finished with status 'done'
  Created wheel for easy-to-hard-data: filename=easy_to_hard_data-1.0.0-py3-none-any.whl size=8072 sha256=bf90de2e1b3a1cdeb37bcbea9bb2b0e4ab6c8aeaf729767300f9e11fe3d41d0f
  Stored in directory: /gpfs/home5/mmazuryk1/.cache/pip/wheels/6f/ba/04/1673500adc4b95f62c3ca210b5f9334b3e752223a60c5933cb
  Building wheel for svglib (setup.py): started
  Building wheel for svglib (setup.py): finished with status 'done'
  Created wheel for svglib: filename=svglib-1.1.0-py3-none-any.whl size=30125 sha256=4f06ccb1151260ba74f2ad9ea5a8bc7fde76707a4eeaa66d09c0f10f1b95cde6
  Stored in directory: /gpfs/home5/mmazuryk1/.cache/pip/wheels/fb/d5/52/7f88b82f5b06ea70a285cfc5f8a3d54a034494249879376edf
  Building wheel for antlr4-python3-runtime (setup.py): started
  Building wheel for antlr4-python3-runtime (setup.py): finished with status 'done'
  Created wheel for antlr4-python3-runtime: filename=antlr4_python3_runtime-4.8-py3-none-any.whl size=141214 sha256=1e662b976f152a4d174ee29e0c5c83c978cacb345bd56ea906c1107a2b67eee2
  Stored in directory: /gpfs/home5/mmazuryk1/.cache/pip/wheels/c8/d0/ab/d43c02eaddc5b9004db86950802442ad9a26f279c619e28da0
  Building wheel for nvidia-ml-py3 (setup.py): started
  Building wheel for nvidia-ml-py3 (setup.py): finished with status 'done'
  Created wheel for nvidia-ml-py3: filename=nvidia_ml_py3-7.352.0-py3-none-any.whl size=19173 sha256=a7049bf64d90ac830ec16ec2bc659da9b58f9e7034b296e37988781c276cd862
  Stored in directory: /gpfs/home5/mmazuryk1/.cache/pip/wheels/b9/b1/68/cb4feab29709d4155310d29a421389665dcab9eb3b679b527b
Successfully built easy-to-hard-data svglib antlr4-python3-runtime nvidia-ml-py3
Installing collected packages: webencodings, tensorboard-plugin-wit, pytz, nvidia-ml-py3, einops, antlr4-python3-runtime, zipp, wurlitzer, wrapt, websocket-client, urllib3, typing-extensions, tqdm, tinycss2, six, semantic-version, rpds-py, PyYAML, pyparsing, pygments, pyasn1, protobuf, pkgutil-resolve-name, Pillow, packaging, oauthlib, numpy, MarkupSafe, lxml, kiwisolver, idna, grpcio, fonttools, executing, everett, cycler, configobj, colorama, chess, charset_normalizer, certifi, cachetools, attrs, asttokens, absl-py, werkzeug, torch, scipy, rsa, requests, reportlab, referencing, python-dateutil, pyasn1-modules, omegaconf, importlib-resources, importlib-metadata, icecream, dulwich, cssselect2, torchvision, svglib, requests-toolbelt, requests-oauthlib, pandas, matplotlib, markdown, jsonschema-specifications, hydra-core, google-auth, seaborn, jsonschema, google-auth-oauthlib, tensorboard, easy-to-hard-data, comet-ml
Successfully installed MarkupSafe-2.1.5 Pillow-8.2.0 PyYAML-6.0.2 absl-py-2.3.1 antlr4-python3-runtime-4.8 asttokens-3.0.0 attrs-25.3.0 cachetools-4.2.4 certifi-2025.7.9 charset_normalizer-3.4.2 chess-1.6.1 colorama-0.4.6 comet-ml-3.13.2 configobj-5.0.9 cssselect2-0.7.0 cycler-0.12.1 dulwich-0.22.4 easy-to-hard-data-1.0.0 einops-0.3.2 everett-3.3.0 executing-2.2.0 fonttools-4.57.0 google-auth-1.35.0 google-auth-oauthlib-0.4.6 grpcio-1.70.0 hydra-core-1.1.1 icecream-2.1.5 idna-3.10 importlib-metadata-8.5.0 importlib-resources-6.4.5 jsonschema-4.23.0 jsonschema-specifications-2023.12.1 kiwisolver-1.4.7 lxml-6.0.0 markdown-3.7 matplotlib-3.5.3 numpy-1.21.6 nvidia-ml-py3-7.352.0 oauthlib-3.3.1 omegaconf-2.1.2 packaging-25.0 pandas-1.3.5 pkgutil-resolve-name-1.3.10 protobuf-5.29.5 pyasn1-0.6.1 pyasn1-modules-0.4.2 pygments-2.19.2 pyparsing-3.1.4 python-dateutil-2.9.0.post0 pytz-2025.2 referencing-0.35.1 reportlab-3.5.68 requests-2.32.4 requests-oauthlib-2.0.0 requests-toolbelt-1.0.0 rpds-py-0.20.1 rsa-4.9.1 scipy-1.7.0 seaborn-0.11.2 semantic-version-2.10.0 six-1.17.0 svglib-1.1.0 tensorboard-2.2.2 tensorboard-plugin-wit-1.8.0 tinycss2-1.4.0 torch-1.7.1 torchvision-0.8.2 tqdm-4.62.3 typing-extensions-4.13.2 urllib3-2.2.3 webencodings-0.5.1 websocket-client-1.8.0 werkzeug-3.0.6 wrapt-1.17.2 wurlitzer-3.1.1 zipp-3.20.2

JOB STATISTICS
==============
Job ID: 13115849
Cluster: snellius
User/Group: mmazuryk1/mmazuryk1
State: RUNNING
Nodes: 1
Cores per node: 18
CPU Utilized: 00:00:00
CPU Efficiency: 0.00% of 00:45:18 core-walltime
Job Wall-clock time: 00:02:31
Memory Utilized: 0.00 MB
Memory Efficiency: 0.00% of 120.00 GB (120.00 GB/node)
WARNING: Efficiency statistics can only be obtained after the job has ended as seff tool is based on the accounting database data.
