============================================================================================== 
Warning! Mixing Conda and module environments may lead to corruption of the
user environment. 
We do not recommend users mixing those two environments unless absolutely
necessary. Note that 
SURF does not provide any support for Conda environment.
For more information, please refer to our software policy page:
https://servicedesk.surf.nl/wiki/display/WIKI/Software+policy+Snellius#SoftwarepolicySnellius-UseofAnacondaandMinicondaenvironmentsonSnellius 

Remember that many packages have already been installed on the system and can
be loaded using 
the 'module load <package__name>' command. If you are uncertain if a package is
already available 
on the system, please use 'module avail' or 'module spider' to search for it.
============================================================================================== 
Python 3.8.2
Collecting chess==1.6.1 (from -r requirements.txt (line 1))
  Downloading chess-1.6.1-py3-none-any.whl.metadata (18 kB)
Collecting comet-ml==3.13.2 (from -r requirements.txt (line 2))
  Downloading comet_ml-3.13.2-py2.py3-none-any.whl.metadata (3.1 kB)
Collecting easy-to-hard-data==1.0.0 (from -r requirements.txt (line 3))
  Downloading easy_to_hard_data-1.0.0.tar.gz (7.7 kB)
  Preparing metadata (setup.py): started
  Preparing metadata (setup.py): finished with status 'done'
Collecting einops~=0.3.2 (from -r requirements.txt (line 4))
  Downloading einops-0.3.2-py3-none-any.whl.metadata (10 kB)
Collecting hydra-core==1.1.1 (from -r requirements.txt (line 5))
  Downloading hydra_core-1.1.1-py3-none-any.whl.metadata (4.1 kB)
Collecting icecream~=2.1.1 (from -r requirements.txt (line 6))
  Downloading icecream-2.1.5-py3-none-any.whl.metadata (1.5 kB)
Collecting matplotlib~=3.5.0 (from -r requirements.txt (line 7))
  Downloading matplotlib-3.5.3-cp38-cp38-manylinux_2_5_x86_64.manylinux1_x86_64.whl.metadata (6.7 kB)
Collecting numpy~=1.21.4 (from -r requirements.txt (line 8))
  Downloading numpy-1.21.6-cp38-cp38-manylinux_2_12_x86_64.manylinux2010_x86_64.whl.metadata (2.1 kB)
Collecting omegaconf~=2.1.1 (from -r requirements.txt (line 9))
  Downloading omegaconf-2.1.2-py3-none-any.whl.metadata (3.6 kB)
Collecting pandas~=1.3.4 (from -r requirements.txt (line 10))
  Downloading pandas-1.3.5-cp38-cp38-manylinux_2_17_x86_64.manylinux2014_x86_64.whl.metadata (12 kB)
Collecting Pillow==8.2.0 (from -r requirements.txt (line 11))
  Downloading Pillow-8.2.0-cp38-cp38-manylinux1_x86_64.whl.metadata (7.1 kB)
Collecting scipy==1.7.0 (from -r requirements.txt (line 12))
  Downloading scipy-1.7.0-cp38-cp38-manylinux_2_5_x86_64.manylinux1_x86_64.whl.metadata (2.2 kB)
Collecting seaborn~=0.11.2 (from -r requirements.txt (line 13))
  Downloading seaborn-0.11.2-py3-none-any.whl.metadata (2.3 kB)
Collecting svglib==1.1.0 (from -r requirements.txt (line 14))
  Downloading svglib-1.1.0.tar.gz (2.0 MB)
     ━━━━━━━━━━━━━━━━━━━━━━━━━━━━━━━━━━━━━━━━ 2.0/2.0 MB 115.6 MB/s eta 0:00:00
  Preparing metadata (setup.py): started
  Preparing metadata (setup.py): finished with status 'done'
Collecting tensorboard==2.2.2 (from -r requirements.txt (line 15))
  Downloading tensorboard-2.2.2-py3-none-any.whl.metadata (2.0 kB)
Collecting tensorboard-plugin-wit==1.8.0 (from -r requirements.txt (line 16))
  Downloading tensorboard_plugin_wit-1.8.0-py3-none-any.whl.metadata (873 bytes)
Collecting torch~=1.10.0 (from -r requirements.txt (line 17))
  Downloading torch-1.10.2-cp38-cp38-manylinux1_x86_64.whl.metadata (24 kB)
Collecting torchvision==0.8.2 (from -r requirements.txt (line 18))
  Downloading torchvision-0.8.2-cp38-cp38-manylinux1_x86_64.whl.metadata (7.2 kB)
Collecting tqdm~=4.62.3 (from -r requirements.txt (line 19))
  Downloading tqdm-4.62.3-py2.py3-none-any.whl.metadata (56 kB)
Collecting websocket-client>=0.55.0 (from comet-ml==3.13.2->-r requirements.txt (line 2))
  Downloading websocket_client-1.8.0-py3-none-any.whl.metadata (8.0 kB)
Collecting requests>=2.18.4 (from comet-ml==3.13.2->-r requirements.txt (line 2))
  Downloading requests-2.32.4-py3-none-any.whl.metadata (4.9 kB)
Collecting requests-toolbelt>=0.8.0 (from comet-ml==3.13.2->-r requirements.txt (line 2))
  Downloading requests_toolbelt-1.0.0-py2.py3-none-any.whl.metadata (14 kB)
Collecting six (from comet-ml==3.13.2->-r requirements.txt (line 2))
  Downloading six-1.17.0-py2.py3-none-any.whl.metadata (1.7 kB)
Collecting wurlitzer>=1.0.2 (from comet-ml==3.13.2->-r requirements.txt (line 2))
  Downloading wurlitzer-3.1.1-py3-none-any.whl.metadata (2.5 kB)
Collecting nvidia-ml-py3>=7.352.0 (from comet-ml==3.13.2->-r requirements.txt (line 2))
  Downloading nvidia-ml-py3-7.352.0.tar.gz (19 kB)
  Preparing metadata (setup.py): started
  Preparing metadata (setup.py): finished with status 'done'
Collecting jsonschema!=3.1.0,>=2.6.0 (from comet-ml==3.13.2->-r requirements.txt (line 2))
  Downloading jsonschema-4.23.0-py3-none-any.whl.metadata (7.9 kB)
Collecting wrapt>=1.11.2 (from comet-ml==3.13.2->-r requirements.txt (line 2))
  Downloading wrapt-1.17.2-cp38-cp38-manylinux_2_5_x86_64.manylinux1_x86_64.manylinux_2_17_x86_64.manylinux2014_x86_64.whl.metadata (6.4 kB)
Collecting semantic-version>=2.8.0 (from comet-ml==3.13.2->-r requirements.txt (line 2))
  Downloading semantic_version-2.10.0-py2.py3-none-any.whl.metadata (9.7 kB)
Collecting everett>=1.0.1 (from everett[ini]>=1.0.1; python_version > "3.5"->comet-ml==3.13.2->-r requirements.txt (line 2))
  Downloading everett-3.3.0-py3-none-any.whl.metadata (19 kB)
Collecting dulwich>=0.20.6 (from comet-ml==3.13.2->-r requirements.txt (line 2))
  Downloading dulwich-0.22.4-cp38-cp38-manylinux_2_17_x86_64.manylinux2014_x86_64.whl.metadata (4.4 kB)
Collecting reportlab==3.5.68 (from easy-to-hard-data==1.0.0->-r requirements.txt (line 3))
  Downloading reportlab-3.5.68-cp38-cp38-manylinux_2_12_x86_64.manylinux2010_x86_64.whl.metadata (1.2 kB)
Collecting antlr4-python3-runtime==4.8 (from hydra-core==1.1.1->-r requirements.txt (line 5))
  Downloading antlr4-python3-runtime-4.8.tar.gz (112 kB)
  Preparing metadata (setup.py): started
  Preparing metadata (setup.py): finished with status 'done'
Collecting importlib-resources (from hydra-core==1.1.1->-r requirements.txt (line 5))
  Downloading importlib_resources-6.4.5-py3-none-any.whl.metadata (4.0 kB)
Collecting PyYAML>=5.1.0 (from omegaconf~=2.1.1->-r requirements.txt (line 9))
  Downloading PyYAML-6.0.2-cp38-cp38-manylinux_2_17_x86_64.manylinux2014_x86_64.whl.metadata (2.1 kB)
Collecting lxml (from svglib==1.1.0->-r requirements.txt (line 14))
  Downloading lxml-6.0.0-cp38-cp38-manylinux_2_27_x86_64.manylinux_2_28_x86_64.whl.metadata (6.3 kB)
Collecting tinycss2>=0.6.0 (from svglib==1.1.0->-r requirements.txt (line 14))
  Downloading tinycss2-1.4.0-py3-none-any.whl.metadata (3.0 kB)
Collecting cssselect2>=0.2.0 (from svglib==1.1.0->-r requirements.txt (line 14))
  Downloading cssselect2-0.7.0-py3-none-any.whl.metadata (2.9 kB)
Collecting absl-py>=0.4 (from tensorboard==2.2.2->-r requirements.txt (line 15))
  Downloading absl_py-2.3.1-py3-none-any.whl.metadata (3.3 kB)
Collecting grpcio>=1.24.3 (from tensorboard==2.2.2->-r requirements.txt (line 15))
  Downloading grpcio-1.70.0-cp38-cp38-manylinux_2_17_x86_64.manylinux2014_x86_64.whl.metadata (3.9 kB)
Collecting google-auth<2,>=1.6.3 (from tensorboard==2.2.2->-r requirements.txt (line 15))
  Downloading google_auth-1.35.0-py2.py3-none-any.whl.metadata (3.5 kB)
Collecting google-auth-oauthlib<0.5,>=0.4.1 (from tensorboard==2.2.2->-r requirements.txt (line 15))
  Downloading google_auth_oauthlib-0.4.6-py2.py3-none-any.whl.metadata (2.7 kB)
Collecting markdown>=2.6.8 (from tensorboard==2.2.2->-r requirements.txt (line 15))
  Downloading Markdown-3.7-py3-none-any.whl.metadata (7.0 kB)
Collecting protobuf>=3.6.0 (from tensorboard==2.2.2->-r requirements.txt (line 15))
  Downloading protobuf-5.29.5-cp38-abi3-manylinux2014_x86_64.whl.metadata (592 bytes)
Requirement already satisfied: setuptools>=41.0.0 in /gpfs/home5/mmazuryk1/.conda/envs/agi/lib/python3.8/site-packages (from tensorboard==2.2.2->-r requirements.txt (line 15)) (75.1.0)
Collecting werkzeug>=0.11.15 (from tensorboard==2.2.2->-r requirements.txt (line 15))
  Downloading werkzeug-3.0.6-py3-none-any.whl.metadata (3.7 kB)
Requirement already satisfied: wheel>=0.26 in /gpfs/home5/mmazuryk1/.conda/envs/agi/lib/python3.8/site-packages (from tensorboard==2.2.2->-r requirements.txt (line 15)) (0.44.0)
INFO: pip is looking at multiple versions of torchvision to determine which version is compatible with other requirements. This could take a while.
ERROR: Cannot install -r requirements.txt (line 18), -r requirements.txt (line 3) and torch~=1.10.0 because these package versions have conflicting dependencies.

The conflict is caused by:
    The user requested torch~=1.10.0
    easy-to-hard-data 1.0.0 depends on torch>=1.7.0
    torchvision 0.8.2 depends on torch==1.7.1

To fix this you could try to:
1. loosen the range of package versions you've specified
2. remove package versions to allow pip to attempt to solve the dependency conflict

ERROR: ResolutionImpossible: for help visit https://pip.pypa.io/en/latest/topics/dependency-resolution/#dealing-with-dependency-conflicts

JOB STATISTICS
==============
Job ID: 13115798
Cluster: snellius
User/Group: mmazuryk1/mmazuryk1
State: FAILED (exit code 1)
Nodes: 1
Cores per node: 18
CPU Utilized: 00:00:07
CPU Efficiency: 1.62% of 00:07:12 core-walltime
Job Wall-clock time: 00:00:24
Memory Utilized: 1.52 MB
Memory Efficiency: 0.00% of 120.00 GB (120.00 GB/node)
