============================================================================================== 
Warning! Mixing Conda and module environments may lead to corruption of the
user environment. 
We do not recommend users mixing those two environments unless absolutely
necessary. Note that 
SURF does not provide any support for Conda environment.
For more information, please refer to our software policy page:
https://servicedesk.surf.nl/wiki/display/WIKI/Software+policy+Snellius#SoftwarepolicySnellius-UseofAnacondaandMinicondaenvironmentsonSnellius 

Remember that many packages have already been installed on the system and can
be loaded using 
the 'module load <package__name>' command. If you are uncertain if a package is
already available 
on the system, please use 'module avail' or 'module spider' to search for it.
============================================================================================== 
[07/14/2025 13:43:21 INFO]: 
_________________________________________________

[07/14/2025 13:43:21 INFO]: train_model.py main() running.
[07/14/2025 13:43:21 INFO]: problem:
  hyp:
    alpha: 1
    clip: 1
    epochs: 150
    lr: 0.001
    lr_decay: step
    lr_factor: 0.1
    lr_schedule:
    - 60
    - 100
    lr_throttle: false
    optimizer: adam
    save_period: -1
    test_batch_size: 1000
    test_mode: default
    train_batch_size: 100
    train_mode: progressive
    val_period: 20
    warmup_period: 10
  model:
    model: resnet_1d
    model_path: null
    width: 400
    max_iters: 1
    noise_type: none
    noise_block_idx: 1
    test_iterations:
      low: 30
      high: 40
  name: prefix_sums
  test_data: 512
  train_data: 32
train_log: train_log
name: prefix_sums_ablation
run_id: unscanned-Irvin

Files already downloaded and verified
Loading data with 32 bits.
Files already downloaded and verified
Loading data with 512 bits.
/home/mmazuryk1/.conda/envs/agi/lib/python3.8/site-packages/easy_to_hard_data.py:215: FutureWarning: You are using `torch.load` with `weights_only=False` (the current default value), which uses the default pickle module implicitly. It is possible to construct malicious pickle data which will execute arbitrary code during unpickling (See https://github.com/pytorch/pytorch/blob/main/SECURITY.md#untrusted-models for more details). In a future release, the default value for `weights_only` will be flipped to `True`. This limits the functions that could be executed during unpickling. Arbitrary objects will no longer be allowed to be loaded via this mode unless they are explicitly allowlisted by the user via `torch.serialization.add_safe_globals`. We recommend you start setting `weights_only=True` for any use case where you don't have full control of the loaded file. Please open an issue on GitHub for any issues related to this experimental feature.
  self.inputs = torch.load(inputs_path).unsqueeze(1) - 0.5
/home/mmazuryk1/.conda/envs/agi/lib/python3.8/site-packages/easy_to_hard_data.py:216: FutureWarning: You are using `torch.load` with `weights_only=False` (the current default value), which uses the default pickle module implicitly. It is possible to construct malicious pickle data which will execute arbitrary code during unpickling (See https://github.com/pytorch/pytorch/blob/main/SECURITY.md#untrusted-models for more details). In a future release, the default value for `weights_only` will be flipped to `True`. This limits the functions that could be executed during unpickling. Arbitrary objects will no longer be allowed to be loaded via this mode unless they are explicitly allowlisted by the user via `torch.serialization.add_safe_globals`. We recommend you start setting `weights_only=True` for any use case where you don't have full control of the loaded file. Please open an issue on GitHub for any issues related to this experimental feature.
  self.targets = torch.load(targets_path).long()
Error executing job with overrides: ['problem/model=resnet_1d', 'problem=prefix_sums', 'name=prefix_sums_ablation', '+run_id=unscanned-Irvin']
Traceback (most recent call last):
  File "train_model.py", line 54, in main
    net, start_epoch, optimizer_state_dict = dt.utils.load_model_from_checkpoint(cfg.problem.name,
  File "/gpfs/home5/mmazuryk1/AGI/deep-thinking/deepthinking/utils/tools.py", line 132, in load_model_from_checkpoint
    net = get_model(model, width, in_channels=in_channels, max_iters=max_iters, noise_type=noise_type, noise_block_idx=noise_block_idx)
  File "/gpfs/home5/mmazuryk1/AGI/deep-thinking/deepthinking/utils/tools.py", line 64, in get_model
    net = getattr(models, model)(width=width, in_channels=in_channels, max_iters=max_iters, noise_type=noise_type, noise_block_idx=noise_block_idx)
  File "/gpfs/home5/mmazuryk1/AGI/deep-thinking/deepthinking/models/dt_net_1d.py", line 186, in resnet_1d
    return ResNet1D(BasicBlock, [2], in_channels=in_channels, width=width, num_classes=2, group_norm=True)
NameError: name 'in_channels' is not defined

Set the environment variable HYDRA_FULL_ERROR=1 for a complete stack trace.

JOB STATISTICS
==============
Job ID: 13143340
Cluster: snellius
User/Group: mmazuryk1/mmazuryk1
State: RUNNING
Nodes: 1
Cores per node: 18
CPU Utilized: 00:00:00
CPU Efficiency: 0.00% of 00:04:30 core-walltime
Job Wall-clock time: 00:00:15
Memory Utilized: 0.00 MB
Memory Efficiency: 0.00% of 120.00 GB (120.00 GB/node)
WARNING: Efficiency statistics can only be obtained after the job has ended as seff tool is based on the accounting database data.
