============================================================================================== 
Warning! Mixing Conda and module environments may lead to corruption of the
user environment. 
We do not recommend users mixing those two environments unless absolutely
necessary. Note that 
SURF does not provide any support for Conda environment.
For more information, please refer to our software policy page:
https://servicedesk.surf.nl/wiki/display/WIKI/Software+policy+Snellius#SoftwarepolicySnellius-UseofAnacondaandMinicondaenvironmentsonSnellius 

Remember that many packages have already been installed on the system and can
be loaded using 
the 'module load <package__name>' command. If you are uncertain if a package is
already available 
on the system, please use 'module avail' or 'module spider' to search for it.
============================================================================================== 
[07/11/2025 13:52:42 INFO]: 
_________________________________________________

[07/11/2025 13:52:42 INFO]: train_model.py main() running.
[07/11/2025 13:52:42 INFO]: problem:
  hyp:
    alpha: 1
    clip: 1
    epochs: 150
    lr: 0.001
    lr_decay: step
    lr_factor: 0.1
    lr_schedule:
    - 60
    - 100
    lr_throttle: false
    optimizer: adam
    save_period: -1
    test_batch_size: 500
    test_mode: default
    train_batch_size: 100
    train_mode: progressive
    val_period: 20
    warmup_period: 10
  model:
    model: dt_net_recall_1d
    model_path: null
    width: 400
    max_iters: 30
    test_iterations:
      low: 30
      high: 40
  name: prefix_sums
  test_data: 512
  train_data: 32
train_log: train_log
name: training_default
run_id: unstilled-Soctt

Files already downloaded and verified
Loading data with 32 bits.
Files already downloaded and verified
Loading data with 512 bits.
[07/11/2025 13:52:42 INFO]: This dt_net_recall_1d has 3.124 million parameters.
[07/11/2025 13:52:42 INFO]: Training will start at epoch 0.
[07/11/2025 13:52:42 INFO]: ==> Starting training for 150 epochs...
/home/mmazuryk1/.conda/envs/agi/lib/python3.8/site-packages/torch/cuda/__init__.py:104: UserWarning: 
NVIDIA A100-SXM4-40GB with CUDA capability sm_80 is not compatible with the current PyTorch installation.
The current PyTorch install supports CUDA capabilities sm_37 sm_50 sm_60 sm_70 sm_75.
If you want to use the NVIDIA A100-SXM4-40GB GPU with PyTorch, please check the instructions at https://pytorch.org/get-started/locally/

  warnings.warn(incompatible_device_warn.format(device_name, capability, " ".join(arch_list), device_name))
  0%|          | 0/80 [00:00<?, ?it/s]                                      Error executing job with overrides: ['+run_id=unstilled-Soctt']
Traceback (most recent call last):
  File "train_model.py", line 80, in main
    loss, acc = dt.train(net, loaders, cfg.problem.hyp.train_mode, train_setup, device)
  File "/gpfs/home5/mmazuryk1/AGI/deep-thinking/deepthinking/utils/training.py", line 61, in train
    train_loss, acc = train_progressive(net, loaders, train_setup, device)
  File "/gpfs/home5/mmazuryk1/AGI/deep-thinking/deepthinking/utils/training.py", line 94, in train_progressive
    outputs_max_iters, _ = net(inputs, iters_to_do=max_iters)
  File "/home/mmazuryk1/.conda/envs/agi/lib/python3.8/site-packages/torch/nn/modules/module.py", line 727, in _call_impl
    result = self.forward(*input, **kwargs)
  File "/home/mmazuryk1/.conda/envs/agi/lib/python3.8/site-packages/torch/nn/parallel/data_parallel.py", line 159, in forward
    return self.module(*inputs[0], **kwargs[0])
  File "/home/mmazuryk1/.conda/envs/agi/lib/python3.8/site-packages/torch/nn/modules/module.py", line 727, in _call_impl
    result = self.forward(*input, **kwargs)
  File "/gpfs/home5/mmazuryk1/AGI/deep-thinking/deepthinking/models/dt_net_1d.py", line 69, in forward
    initial_thought = self.projection(x)
  File "/home/mmazuryk1/.conda/envs/agi/lib/python3.8/site-packages/torch/nn/modules/module.py", line 727, in _call_impl
    result = self.forward(*input, **kwargs)
  File "/home/mmazuryk1/.conda/envs/agi/lib/python3.8/site-packages/torch/nn/modules/container.py", line 117, in forward
    input = module(input)
  File "/home/mmazuryk1/.conda/envs/agi/lib/python3.8/site-packages/torch/nn/modules/module.py", line 727, in _call_impl
    result = self.forward(*input, **kwargs)
  File "/home/mmazuryk1/.conda/envs/agi/lib/python3.8/site-packages/torch/nn/modules/activation.py", line 102, in forward
    return F.relu(input, inplace=self.inplace)
  File "/home/mmazuryk1/.conda/envs/agi/lib/python3.8/site-packages/torch/nn/functional.py", line 1136, in relu
    result = torch.relu(input)
RuntimeError: CUDA error: no kernel image is available for execution on the device

Set the environment variable HYDRA_FULL_ERROR=1 for a complete stack trace.

JOB STATISTICS
==============
Job ID: 13116132
Cluster: snellius
User/Group: mmazuryk1/mmazuryk1
State: RUNNING
Nodes: 1
Cores per node: 18
CPU Utilized: 00:00:00
CPU Efficiency: 0.00% of 00:05:42 core-walltime
Job Wall-clock time: 00:00:19
Memory Utilized: 0.00 MB
Memory Efficiency: 0.00% of 120.00 GB (120.00 GB/node)
WARNING: Efficiency statistics can only be obtained after the job has ended as seff tool is based on the accounting database data.
