============================================================================================== 
Warning! Mixing Conda and module environments may lead to corruption of the
user environment. 
We do not recommend users mixing those two environments unless absolutely
necessary. Note that 
SURF does not provide any support for Conda environment.
For more information, please refer to our software policy page:
https://servicedesk.surf.nl/wiki/display/WIKI/Software+policy+Snellius#SoftwarepolicySnellius-UseofAnacondaandMinicondaenvironmentsonSnellius 

Remember that many packages have already been installed on the system and can
be loaded using 
the 'module load <package__name>' command. If you are uncertain if a package is
already available 
on the system, please use 'module avail' or 'module spider' to search for it.
============================================================================================== 
[07/14/2025 14:07:01 INFO]: 
_________________________________________________

[07/14/2025 14:07:01 INFO]: train_model.py main() running.
[07/14/2025 14:07:01 INFO]: problem:
  hyp:
    alpha: 1
    clip: 1
    epochs: 150
    lr: 0.001
    lr_decay: step
    lr_factor: 0.1
    lr_schedule:
    - 60
    - 100
    lr_throttle: false
    optimizer: adam
    save_period: -1
    test_batch_size: 1000
    test_mode: default
    train_batch_size: 100
    train_mode: progressive
    val_period: 20
    warmup_period: 10
  model:
    model: resnet_1d
    model_path: null
    width: 400
    max_iters: 1
    noise_type: none
    noise_block_idx: 1
    test_iterations:
      low: 30
      high: 40
  name: prefix_sums
  test_data: 512
  train_data: 32
train_log: train_log
name: prefix_sums_ablation
run_id: sleazy-Christain

Files already downloaded and verified
Loading data with 32 bits.
Files already downloaded and verified
Loading data with 512 bits.
Using model resnet_1d with noise_type none and noise_block_idx 1.
[07/14/2025 14:07:01 INFO]: This resnet_1d has 1.922 million parameters.
[07/14/2025 14:07:01 INFO]: Training will start at epoch 0.
[07/14/2025 14:07:02 INFO]: ==> Starting training for 150 epochs...
/home/mmazuryk1/.conda/envs/agi/lib/python3.8/site-packages/easy_to_hard_data.py:215: FutureWarning: You are using `torch.load` with `weights_only=False` (the current default value), which uses the default pickle module implicitly. It is possible to construct malicious pickle data which will execute arbitrary code during unpickling (See https://github.com/pytorch/pytorch/blob/main/SECURITY.md#untrusted-models for more details). In a future release, the default value for `weights_only` will be flipped to `True`. This limits the functions that could be executed during unpickling. Arbitrary objects will no longer be allowed to be loaded via this mode unless they are explicitly allowlisted by the user via `torch.serialization.add_safe_globals`. We recommend you start setting `weights_only=True` for any use case where you don't have full control of the loaded file. Please open an issue on GitHub for any issues related to this experimental feature.
  self.inputs = torch.load(inputs_path).unsqueeze(1) - 0.5
/home/mmazuryk1/.conda/envs/agi/lib/python3.8/site-packages/easy_to_hard_data.py:216: FutureWarning: You are using `torch.load` with `weights_only=False` (the current default value), which uses the default pickle module implicitly. It is possible to construct malicious pickle data which will execute arbitrary code during unpickling (See https://github.com/pytorch/pytorch/blob/main/SECURITY.md#untrusted-models for more details). In a future release, the default value for `weights_only` will be flipped to `True`. This limits the functions that could be executed during unpickling. Arbitrary objects will no longer be allowed to be loaded via this mode unless they are explicitly allowlisted by the user via `torch.serialization.add_safe_globals`. We recommend you start setting `weights_only=True` for any use case where you don't have full control of the loaded file. Please open an issue on GitHub for any issues related to this experimental feature.
  self.targets = torch.load(targets_path).long()
  0%|          | 0/80 [00:00<?, ?it/s]                                      Error executing job with overrides: ['problem/model=resnet_1d', 'problem=prefix_sums', 'name=prefix_sums_ablation', '+run_id=sleazy-Christain']
Traceback (most recent call last):
  File "train_model.py", line 80, in main
    loss, acc = dt.train(net, loaders, cfg.problem.hyp.train_mode, train_setup, device)
  File "/gpfs/home5/mmazuryk1/AGI/deep-thinking/deepthinking/utils/training.py", line 61, in train
    train_loss, acc = train_progressive(net, loaders, train_setup, device)
  File "/gpfs/home5/mmazuryk1/AGI/deep-thinking/deepthinking/utils/training.py", line 107, in train_progressive
    loss_progressive = criterion(outputs, targets)
  File "/home/mmazuryk1/.conda/envs/agi/lib/python3.8/site-packages/torch/nn/modules/module.py", line 1553, in _wrapped_call_impl
    return self._call_impl(*args, **kwargs)
  File "/home/mmazuryk1/.conda/envs/agi/lib/python3.8/site-packages/torch/nn/modules/module.py", line 1562, in _call_impl
    return forward_call(*args, **kwargs)
  File "/home/mmazuryk1/.conda/envs/agi/lib/python3.8/site-packages/torch/nn/modules/loss.py", line 1188, in forward
    return F.cross_entropy(input, target, weight=self.weight,
  File "/home/mmazuryk1/.conda/envs/agi/lib/python3.8/site-packages/torch/nn/functional.py", line 3104, in cross_entropy
    return torch._C._nn.cross_entropy_loss(input, target, weight, _Reduction.get_enum(reduction), ignore_index, label_smoothing)
RuntimeError: Expected target size [100, 1], got [100, 32]

Set the environment variable HYDRA_FULL_ERROR=1 for a complete stack trace.

JOB STATISTICS
==============
Job ID: 13143812
Cluster: snellius
User/Group: mmazuryk1/mmazuryk1
State: FAILED (exit code 1)
Nodes: 1
Cores per node: 18
CPU Utilized: 00:00:06
CPU Efficiency: 2.22% of 00:04:30 core-walltime
Job Wall-clock time: 00:00:15
Memory Utilized: 1.57 MB
Memory Efficiency: 0.00% of 120.00 GB (120.00 GB/node)
